#
# There is insufficient memory for the Java Runtime Environment to continue.
# Native memory allocation (malloc) failed to allocate 32784 bytes for Chunk::new
# Possible reasons:
#   The system is out of physical RAM or swap space
#   The process is running with CompressedOops enabled, and the Java Heap may be blocking the growth of the native heap
# Possible solutions:
#   Reduce memory load on the system
#   Increase physical memory or swap space
#   Check if swap backing store is full
#   Decrease Java heap size (-Xmx/-Xms)
#   Decrease number of Java threads
#   Decrease Java thread stack sizes (-Xss)
#   Set larger code cache with -XX:ReservedCodeCacheSize=
#   JVM is running with Unscaled Compressed Oops mode in which the Java heap is
#     placed in the first 4GB address space. The Java Heap base address is the
#     maximum limit for the native heap growth. Please use -XX:HeapBaseMinAddress
#     to set the Java Heap base and to place the Java Heap above 4GB virtual address.
# This output file may be truncated or incomplete.
#
#  Out of Memory Error (allocation.cpp:389), pid=6924, tid=0x0000000000003a08
#
# JRE version: Java(TM) SE Runtime Environment (8.0_212-b10) (build 1.8.0_212-b10)
# Java VM: Java HotSpot(TM) 64-Bit Server VM (25.212-b10 mixed mode windows-amd64 compressed oops)
# Failed to write core dump. Minidumps are not enabled by default on client versions of Windows
#

---------------  T H R E A D  ---------------

Current thread (0x000000005845a800):  JavaThread "C2 CompilerThread2" daemon [_thread_in_native, id=14856, stack(0x000000005a020000,0x000000005a120000)]

Stack: [0x000000005a020000,0x000000005a120000]
[error occurred during error reporting (printing stack bounds), id 0xc0000005]

Native frames: (J=compiled Java code, j=interpreted, Vv=VM code, C=native code)


Current CompileTask:
C2:  27420 4503       4       java.beans.Introspector::addMethod (196 bytes)


---------------  P R O C E S S  ---------------

Java Threads: ( => current thread )
  0x000000005c156000 JavaThread "Cache worker for Build Output Cleanup Cache (D:\2020_04\International\I18N\.gradle\buildOutputCleanup)" [_thread_blocked, id=3980, stack(0x0000000066330000,0x0000000066430000)]
  0x000000005c155000 JavaThread "Build operations Thread 8" [_thread_blocked, id=13960, stack(0x0000000065b50000,0x0000000065c50000)]
  0x000000005c154800 JavaThread "Build operations Thread 7" [_thread_blocked, id=4008, stack(0x00000000659a0000,0x0000000065aa0000)]
  0x000000005c153800 JavaThread "Build operations Thread 6" [_thread_blocked, id=9544, stack(0x0000000065880000,0x0000000065980000)]
  0x000000005c152800 JavaThread "Build operations Thread 5" [_thread_blocked, id=7812, stack(0x00000000656a0000,0x00000000657a0000)]
  0x000000005c152000 JavaThread "Build operations Thread 4" [_thread_blocked, id=9352, stack(0x00000000654c0000,0x00000000655c0000)]
  0x000000005c151000 JavaThread "Build operations Thread 3" [_thread_blocked, id=11936, stack(0x0000000064150000,0x0000000064250000)]
  0x000000005c150800 JavaThread "Build operations Thread 2" [_thread_blocked, id=15768, stack(0x0000000063f10000,0x0000000064010000)]
  0x000000005c14f800 JavaThread "Build operations" [_thread_blocked, id=14500, stack(0x0000000063e10000,0x0000000063f10000)]
  0x000000005c14f000 JavaThread "Cache worker for execution history cache (C:\Users\optiplex9020\.gradle\caches\5.6.4\executionHistory)" [_thread_blocked, id=12264, stack(0x00000000623f0000,0x00000000624f0000)]
  0x000000005c14e000 JavaThread "Cache worker for cache directory md-rule (C:\Users\optiplex9020\.gradle\caches\5.6.4\md-rule)" [_thread_blocked, id=10004, stack(0x00000000626c0000,0x00000000627c0000)]
  0x000000005c14d800 JavaThread "Cache worker for cache directory md-supplier (C:\Users\optiplex9020\.gradle\caches\5.6.4\md-supplier)" [_thread_blocked, id=8748, stack(0x0000000062540000,0x0000000062640000)]
  0x000000005c14b000 JavaThread "Cache worker for file hash cache (D:\2020_04\International\I18N\.gradle\5.6.4\fileHashes)" [_thread_blocked, id=13864, stack(0x0000000061c00000,0x0000000061d00000)]
  0x000000005c14a800 JavaThread "Cache worker for journal cache (C:\Users\optiplex9020\.gradle\caches\journal-1)" [_thread_blocked, id=16964, stack(0x000000005e6d0000,0x000000005e7d0000)]
  0x000000005c149800 JavaThread "File lock release action executor" [_thread_blocked, id=16092, stack(0x000000005dad0000,0x000000005dbd0000)]
  0x000000005c149000 JavaThread "File lock request listener" [_thread_in_native, id=2940, stack(0x000000005e500000,0x000000005e600000)]
  0x000000005c148000 JavaThread "Cache worker for file hash cache (C:\Users\optiplex9020\.gradle\caches\5.6.4\fileHashes)" [_thread_blocked, id=3260, stack(0x000000005e360000,0x000000005e460000)]
  0x00000000585b4000 JavaThread "Thread-9" [_thread_blocked, id=16712, stack(0x000000005dfa0000,0x000000005e0a0000)]
  0x000000005a532000 JavaThread "Stdin handler" [_thread_blocked, id=7944, stack(0x000000005dde0000,0x000000005dee0000)]
  0x000000005aa6c000 JavaThread "Asynchronous log dispatcher for DefaultDaemonConnection: socket connection from /127.0.0.1:4649 to /127.0.0.1:4651" [_thread_blocked, id=15836, stack(0x000000005dc10000,0x000000005dd10000)]
  0x000000005a766000 JavaThread "Daemon worker" [_thread_in_native, id=10064, stack(0x000000005d9a0000,0x000000005daa0000)]
  0x000000005a763000 JavaThread "Cancel handler" [_thread_blocked, id=9016, stack(0x000000005d090000,0x000000005d190000)]
  0x000000005a838000 JavaThread "Handler for socket connection from /127.0.0.1:4649 to /127.0.0.1:4651" [_thread_in_native, id=13364, stack(0x000000005d660000,0x000000005d760000)]
  0x000000005a82c800 JavaThread "Daemon" [_thread_blocked, id=1048, stack(0x000000005d4a0000,0x000000005d5a0000)]
  0x000000005a72a000 JavaThread "Daemon periodic checks" [_thread_blocked, id=14680, stack(0x000000005d300000,0x000000005d400000)]
  0x000000005a5cf000 JavaThread "Incoming local TCP Connector on port 4649" [_thread_in_native, id=8876, stack(0x000000005d1e0000,0x000000005d2e0000)]
  0x000000005be37000 JavaThread "Daemon health stats" [_thread_blocked, id=14468, stack(0x000000005bc20000,0x000000005bd20000)]
  0x00000000584d6800 JavaThread "Service Thread" daemon [_thread_blocked, id=9180, stack(0x0000000059ef0000,0x0000000059ff0000)]
  0x000000005845b800 JavaThread "C1 CompilerThread3" daemon [_thread_blocked, id=10796, stack(0x000000005a1a0000,0x000000005a2a0000)]
=>0x000000005845a800 JavaThread "C2 CompilerThread2" daemon [_thread_in_native, id=14856, stack(0x000000005a020000,0x000000005a120000)]
  0x000000005844f800 JavaThread "C2 CompilerThread1" daemon [_thread_in_native, id=9140, stack(0x0000000059d40000,0x0000000059e40000)]
  0x0000000058448000 JavaThread "C2 CompilerThread0" daemon [_thread_in_native, id=10464, stack(0x0000000059b80000,0x0000000059c80000)]
  0x0000000058447000 JavaThread "Attach Listener" daemon [_thread_blocked, id=9508, stack(0x0000000059880000,0x0000000059980000)]
  0x0000000058446000 JavaThread "Signal Dispatcher" daemon [_thread_blocked, id=7204, stack(0x00000000599b0000,0x0000000059ab0000)]
  0x0000000007111000 JavaThread "Finalizer" daemon [_thread_blocked, id=10400, stack(0x0000000059580000,0x0000000059680000)]
  0x000000000710a000 JavaThread "Reference Handler" daemon [_thread_blocked, id=16144, stack(0x00000000596e0000,0x00000000597e0000)]
  0x000000000244e800 JavaThread "main" [_thread_blocked, id=1528, stack(0x00000000027a0000,0x00000000028a0000)]

Other Threads:
  0x00000000583d2800 VMThread [stack: 0x00000000593f0000,0x00000000594f0000] [id=4128]
  0x00000000584b9800 WatcherThread [stack: 0x000000005a320000,0x000000005a420000] [id=4864]

VM state:not at safepoint (normal execution)

VM Mutex/Monitor currently owned by a thread: None

OutOfMemory and StackOverflow Exception counts:
OutOfMemoryError java_heap_errors=2

heap address: 0x00000000a0000000, size: 1536 MB, Compressed Oops mode: 32-bit
Narrow klass base: 0x0000000000000000, Narrow klass shift: 0
Compressed class space size: 1073741824 Address: 0x0000000016a70000

Heap:
 PSYoungGen      total 164352K, used 36584K [0x00000000e0000000, 0x00000000eb080000, 0x0000000100000000)
  eden space 150528K, 15% used [0x00000000e0000000,0x00000000e163ea70,0x00000000e9300000)
  from space 13824K, 99% used [0x00000000e9300000,0x00000000ea07b940,0x00000000ea080000)
  to   space 12800K, 0% used [0x00000000ea080000,0x00000000ea080000,0x00000000ead00000)
 ParOldGen       total 86016K, used 22434K [0x00000000a0000000, 0x00000000a5400000, 0x00000000e0000000)
  object space 86016K, 26% used [0x00000000a0000000,0x00000000a15e8928,0x00000000a5400000)
 Metaspace       used 48950K, capacity 50328K, committed 50688K, reserved 1093632K
  class space    used 6719K, capacity 7056K, committed 7168K, reserved 1048576K

Card table byte_map: [0x0000000002c60000,0x0000000002f70000] byte_map_base: 0x0000000002760000

Marking Bits: (ParMarkBitMap*) 0x00000000079e5ce0
 Begin Bits: [0x0000000003c20000, 0x0000000005420000)
 End Bits:   [0x0000000005420000, 0x0000000006c20000)

Polling page: 0x0000000000240000

CodeCache: size=245760Kb used=14451Kb max_used=14451Kb free=231308Kb
 bounds [0x0000000007a70000, 0x00000000088a0000, 0x0000000016a70000]
 total_blobs=4947 nmethods=4177 adapters=681
 compilation: enabled

Compilation events (10 events):
Event: 27.367 Thread 0x000000005845b800 4505   !   3       java.beans.PropertyDescriptor::updateGenericsFor (37 bytes)
Event: 27.368 Thread 0x000000005845b800 nmethod 4505 0x0000000008885110 code [0x0000000008885380, 0x00000000088864b8]
Event: 27.368 Thread 0x000000005845b800 4506       3       sun.reflect.generics.reflectiveObjects.TypeVariableImpl::equals (67 bytes)
Event: 27.368 Thread 0x000000005845b800 nmethod 4506 0x000000000888eb90 code [0x000000000888ed80, 0x000000000888f798]
Event: 27.370 Thread 0x000000005845b800 4509       1       org.codehaus.groovy.runtime.callsite.AbstractCallSite::getIndex (5 bytes)
Event: 27.370 Thread 0x000000005845b800 nmethod 4509 0x000000000887ec10 code [0x000000000887ed60, 0x000000000887ee70]
Event: 27.374 Thread 0x000000005845b800 4510       3       java.lang.Thread::getContextClassLoader (32 bytes)
Event: 27.375 Thread 0x000000005845b800 nmethod 4510 0x000000000888fa10 code [0x000000000888fbe0, 0x00000000088904d8]
Event: 27.375 Thread 0x000000005845b800 4511       3       java.util.LinkedList$ListItr::set (28 bytes)
Event: 27.375 Thread 0x000000005845b800 nmethod 4511 0x00000000088908d0 code [0x0000000008890a60, 0x0000000008890eb8]

GC Heap History (10 events):
Event: 21.014 GC heap before
{Heap before GC invocations=7 (full 1):
 PSYoungGen      total 47616K, used 40960K [0x00000000e0000000, 0x00000000e6800000, 0x0000000100000000)
  eden space 40960K, 100% used [0x00000000e0000000,0x00000000e2800000,0x00000000e2800000)
  from space 6656K, 0% used [0x00000000e2800000,0x00000000e2800000,0x00000000e2e80000)
  to   space 12288K, 0% used [0x00000000e5c00000,0x00000000e5c00000,0x00000000e6800000)
 ParOldGen       total 60928K, used 10098K [0x00000000a0000000, 0x00000000a3b80000, 0x00000000e0000000)
  object space 60928K, 16% used [0x00000000a0000000,0x00000000a09dcbf0,0x00000000a3b80000)
 Metaspace       used 26797K, capacity 27406K, committed 27520K, reserved 1073152K
  class space    used 3711K, capacity 3884K, committed 3968K, reserved 1048576K
Event: 21.043 GC heap after
Heap after GC invocations=7 (full 1):
 PSYoungGen      total 88064K, used 5649K [0x00000000e0000000, 0x00000000e6500000, 0x0000000100000000)
  eden space 78848K, 0% used [0x00000000e0000000,0x00000000e0000000,0x00000000e4d00000)
  from space 9216K, 61% used [0x00000000e5c00000,0x00000000e61844c8,0x00000000e6500000)
  to   space 12288K, 0% used [0x00000000e4d00000,0x00000000e4d00000,0x00000000e5900000)
 ParOldGen       total 60928K, used 10106K [0x00000000a0000000, 0x00000000a3b80000, 0x00000000e0000000)
  object space 60928K, 16% used [0x00000000a0000000,0x00000000a09debf0,0x00000000a3b80000)
 Metaspace       used 26797K, capacity 27406K, committed 27520K, reserved 1073152K
  class space    used 3711K, capacity 3884K, committed 3968K, reserved 1048576K
}
Event: 22.304 GC heap before
{Heap before GC invocations=8 (full 1):
 PSYoungGen      total 88064K, used 84497K [0x00000000e0000000, 0x00000000e6500000, 0x0000000100000000)
  eden space 78848K, 100% used [0x00000000e0000000,0x00000000e4d00000,0x00000000e4d00000)
  from space 9216K, 61% used [0x00000000e5c00000,0x00000000e61844c8,0x00000000e6500000)
  to   space 12288K, 0% used [0x00000000e4d00000,0x00000000e4d00000,0x00000000e5900000)
 ParOldGen       total 60928K, used 10106K [0x00000000a0000000, 0x00000000a3b80000, 0x00000000e0000000)
  object space 60928K, 16% used [0x00000000a0000000,0x00000000a09debf0,0x00000000a3b80000)
 Metaspace       used 31810K, capacity 32576K, committed 32896K, reserved 1077248K
  class space    used 4403K, capacity 4613K, committed 4736K, reserved 1048576K
Event: 22.325 GC heap after
Heap after GC invocations=8 (full 1):
 PSYoungGen      total 91136K, used 9691K [0x00000000e0000000, 0x00000000ead00000, 0x0000000100000000)
  eden space 78848K, 0% used [0x00000000e0000000,0x00000000e0000000,0x00000000e4d00000)
  from space 12288K, 78% used [0x00000000e4d00000,0x00000000e5676db8,0x00000000e5900000)
  to   space 12800K, 0% used [0x00000000ea080000,0x00000000ea080000,0x00000000ead00000)
 ParOldGen       total 60928K, used 10114K [0x00000000a0000000, 0x00000000a3b80000, 0x00000000e0000000)
  object space 60928K, 16% used [0x00000000a0000000,0x00000000a09e0bf0,0x00000000a3b80000)
 Metaspace       used 31810K, capacity 32576K, committed 32896K, reserved 1077248K
  class space    used 4403K, capacity 4613K, committed 4736K, reserved 1048576K
}
Event: 23.088 GC heap before
{Heap before GC invocations=9 (full 1):
 PSYoungGen      total 91136K, used 72977K [0x00000000e0000000, 0x00000000ead00000, 0x0000000100000000)
  eden space 78848K, 80% used [0x00000000e0000000,0x00000000e3dcda40,0x00000000e4d00000)
  from space 12288K, 78% used [0x00000000e4d00000,0x00000000e5676db8,0x00000000e5900000)
  to   space 12800K, 0% used [0x00000000ea080000,0x00000000ea080000,0x00000000ead00000)
 ParOldGen       total 60928K, used 10114K [0x00000000a0000000, 0x00000000a3b80000, 0x00000000e0000000)
  object space 60928K, 16% used [0x00000000a0000000,0x00000000a09e0bf0,0x00000000a3b80000)
 Metaspace       used 34600K, capacity 35382K, committed 35416K, reserved 1079296K
  class space    used 4886K, capacity 5094K, committed 5120K, reserved 1048576K
Event: 23.114 GC heap after
Heap after GC invocations=9 (full 1):
 PSYoungGen      total 163328K, used 11176K [0x00000000e0000000, 0x00000000eb080000, 0x0000000100000000)
  eden space 150528K, 0% used [0x00000000e0000000,0x00000000e0000000,0x00000000e9300000)
  from space 12800K, 87% used [0x00000000ea080000,0x00000000eab6a328,0x00000000ead00000)
  to   space 13824K, 0% used [0x00000000e9300000,0x00000000e9300000,0x00000000ea080000)
 ParOldGen       total 60928K, used 10122K [0x00000000a0000000, 0x00000000a3b80000, 0x00000000e0000000)
  object space 60928K, 16% used [0x00000000a0000000,0x00000000a09e2bf0,0x00000000a3b80000)
 Metaspace       used 34600K, capacity 35382K, committed 35416K, reserved 1079296K
  class space    used 4886K, capacity 5094K, committed 5120K, reserved 1048576K
}
Event: 23.114 GC heap before
{Heap before GC invocations=10 (full 2):
 PSYoungGen      total 163328K, used 11176K [0x00000000e0000000, 0x00000000eb080000, 0x0000000100000000)
  eden space 150528K, 0% used [0x00000000e0000000,0x00000000e0000000,0x00000000e9300000)
  from space 12800K, 87% used [0x00000000ea080000,0x00000000eab6a328,0x00000000ead00000)
  to   space 13824K, 0% used [0x00000000e9300000,0x00000000e9300000,0x00000000ea080000)
 ParOldGen       total 60928K, used 10122K [0x00000000a0000000, 0x00000000a3b80000, 0x00000000e0000000)
  object space 60928K, 16% used [0x00000000a0000000,0x00000000a09e2bf0,0x00000000a3b80000)
 Metaspace       used 34600K, capacity 35382K, committed 35416K, reserved 1079296K
  class space    used 4886K, capacity 5094K, committed 5120K, reserved 1048576K
Event: 23.184 GC heap after
Heap after GC invocations=10 (full 2):
 PSYoungGen      total 163328K, used 0K [0x00000000e0000000, 0x00000000eb080000, 0x0000000100000000)
  eden space 150528K, 0% used [0x00000000e0000000,0x00000000e0000000,0x00000000e9300000)
  from space 12800K, 0% used [0x00000000ea080000,0x00000000ea080000,0x00000000ead00000)
  to   space 13824K, 0% used [0x00000000e9300000,0x00000000e9300000,0x00000000ea080000)
 ParOldGen       total 86016K, used 18247K [0x00000000a0000000, 0x00000000a5400000, 0x00000000e0000000)
  object space 86016K, 21% used [0x00000000a0000000,0x00000000a11d1e28,0x00000000a5400000)
 Metaspace       used 34600K, capacity 35382K, committed 35416K, reserved 1079296K
  class space    used 4886K, capacity 5094K, committed 5120K, reserved 1048576K
}
Event: 27.163 GC heap before
{Heap before GC invocations=11 (full 2):
 PSYoungGen      total 163328K, used 150528K [0x00000000e0000000, 0x00000000eb080000, 0x0000000100000000)
  eden space 150528K, 100% used [0x00000000e0000000,0x00000000e9300000,0x00000000e9300000)
  from space 12800K, 0% used [0x00000000ea080000,0x00000000ea080000,0x00000000ead00000)
  to   space 13824K, 0% used [0x00000000e9300000,0x00000000e9300000,0x00000000ea080000)
 ParOldGen       total 86016K, used 18247K [0x00000000a0000000, 0x00000000a5400000, 0x00000000e0000000)
  object space 86016K, 21% used [0x00000000a0000000,0x00000000a11d1e28,0x00000000a5400000)
 Metaspace       used 48219K, capacity 49538K, committed 49664K, reserved 1091584K
  class space    used 6598K, capacity 6884K, committed 6912K, reserved 1048576K
Event: 27.192 GC heap after
Heap after GC invocations=11 (full 2):
 PSYoungGen      total 164352K, used 13806K [0x00000000e0000000, 0x00000000eb080000, 0x0000000100000000)
  eden space 150528K, 0% used [0x00000000e0000000,0x00000000e0000000,0x00000000e9300000)
  from space 13824K, 99% used [0x00000000e9300000,0x00000000ea07b940,0x00000000ea080000)
  to   space 12800K, 0% used [0x00000000ea080000,0x00000000ea080000,0x00000000ead00000)
 ParOldGen       total 86016K, used 22434K [0x00000000a0000000, 0x00000000a5400000, 0x00000000e0000000)
  object space 86016K, 26% used [0x00000000a0000000,0x00000000a15e8928,0x00000000a5400000)
 Metaspace       used 48219K, capacity 49538K, committed 49664K, reserved 1091584K
  class space    used 6598K, capacity 6884K, committed 6912K, reserved 1048576K
}

Deoptimization events (10 events):
Event: 26.382 Thread 0x000000005a766000 Uncommon trap: reason=unstable_if action=reinterpret pc=0x00000000086ab7d8 method=java.lang.ClassLoader.compareCerts([Ljava/security/cert/Certificate;[Ljava/security/cert/Certificate;)Z @ 1
Event: 26.409 Thread 0x000000005a766000 Uncommon trap: reason=unstable_if action=reinterpret pc=0x0000000008589bf4 method=java.util.LinkedHashMap.get(Ljava/lang/Object;)Ljava/lang/Object; @ 20
Event: 26.502 Thread 0x000000005a766000 Uncommon trap: reason=unstable_if action=reinterpret pc=0x000000000828d4d4 method=org.objectweb.asm.ByteVector.putUTF8(Ljava/lang/String;)Lorg/objectweb/asm/ByteVector; @ 93
Event: 26.969 Thread 0x000000005a766000 Uncommon trap: reason=unstable_if action=reinterpret pc=0x00000000086fd558 method=org.gradle.internal.reflect.PropertyAccessorType.of(Ljava/lang/reflect/Method;)Lorg/gradle/internal/reflect/PropertyAccessorType; @ 56
Event: 27.235 Thread 0x000000005a766000 Uncommon trap: reason=speculate_class_check action=maybe_recompile pc=0x000000000859ffd8 method=com.google.common.collect.AbstractIndexedListIterator.next()Ljava/lang/Object; @ 27
Event: 27.235 Thread 0x000000005a766000 Uncommon trap: reason=speculate_class_check action=maybe_recompile pc=0x000000000859ffd8 method=com.google.common.collect.AbstractIndexedListIterator.next()Ljava/lang/Object; @ 27
Event: 27.235 Thread 0x000000005a766000 Uncommon trap: reason=speculate_class_check action=maybe_recompile pc=0x000000000859ffd8 method=com.google.common.collect.AbstractIndexedListIterator.next()Ljava/lang/Object; @ 27
Event: 27.235 Thread 0x000000005a766000 Uncommon trap: reason=speculate_class_check action=maybe_recompile pc=0x000000000859ffd8 method=com.google.common.collect.AbstractIndexedListIterator.next()Ljava/lang/Object; @ 27
Event: 27.270 Thread 0x000000005a766000 Uncommon trap: reason=unstable_if action=reinterpret pc=0x0000000008717398 method=org.gradle.internal.instantiation.AbstractClassGenerator$InjectionAnnotationValidator.validateMethod(Ljava/lang/reflect/Method;Lorg/gradle/internal/reflect/PropertyAccessorT
Event: 27.270 Thread 0x000000005a766000 Uncommon trap: reason=unstable_if action=reinterpret pc=0x0000000007c2af68 method=org.gradle.internal.instantiation.AbstractClassGenerator$InjectionAnnotationValidator.validateMethod(Ljava/lang/reflect/Method;Lorg/gradle/internal/reflect/PropertyAccessorT

Classes redefined (0 events):
No events

Internal exceptions (10 events):
Event: 27.365 Thread 0x000000005a766000 Exception <a 'java/lang/ClassNotFoundException': org/gradle/api/internal/DefaultNamedDomainObjectSetCustomizer> (0x00000000e0e9d9a0) thrown at [C:\re\workspace\8-2-build-windows-amd64-cygwin\jdk8u212\12974\hotspot\src\share\vm\classfile\systemDictionary.c
Event: 27.366 Thread 0x000000005a766000 Exception <a 'java/lang/ClassNotFoundException': org/gradle/api/internal/AbstractNamedDomainObjectContainerCustomizer> (0x00000000e0efb3d0) thrown at [C:\re\workspace\8-2-build-windows-amd64-cygwin\jdk8u212\12974\hotspot\src\share\vm\classfile\systemDicti
Event: 27.368 Thread 0x000000005a766000 Exception <a 'java/lang/ClassNotFoundException': org/gradle/api/internal/FactoryNamedDomainObjectContainerCustomizer> (0x00000000e0f57278) thrown at [C:\re\workspace\8-2-build-windows-amd64-cygwin\jdk8u212\12974\hotspot\src\share\vm\classfile\systemDictio
Event: 27.369 Thread 0x000000005a766000 Exception <a 'java/lang/ClassNotFoundException': org/gradle/api/internal/FactoryNamedDomainObjectContainer_DecoratedCustomizer> (0x00000000e0fab720) thrown at [C:\re\workspace\8-2-build-windows-amd64-cygwin\jdk8u212\12974\hotspot\src\share\vm\classfile\sy
Event: 27.371 Thread 0x000000005a766000 Exception <a 'java/lang/ClassNotFoundException': build_ed4jpechkpzacwaeucz2x98jh$_run_closure1$_closure4BeanInfo> (0x00000000e10092d8) thrown at [C:\re\workspace\8-2-build-windows-amd64-cygwin\jdk8u212\12974\hotspot\src\share\vm\classfile\systemDictionary
Event: 27.372 Thread 0x000000005a766000 Exception <a 'java/lang/ClassNotFoundException': build_ed4jpechkpzacwaeucz2x98jh$_run_closure1$_closure4Customizer> (0x00000000e101b208) thrown at [C:\re\workspace\8-2-build-windows-amd64-cygwin\jdk8u212\12974\hotspot\src\share\vm\classfile\systemDictiona
Event: 27.374 Thread 0x000000005a766000 Exception <a 'java/lang/ClassNotFoundException': build_ed4jpechkpzacwaeucz2x98jh$_run_closure1BeanInfo> (0x00000000e1045278) thrown at [C:\re\workspace\8-2-build-windows-amd64-cygwin\jdk8u212\12974\hotspot\src\share\vm\classfile\systemDictionary.cpp, line
Event: 27.374 Thread 0x000000005a766000 Exception <a 'java/lang/ClassNotFoundException': build_ed4jpechkpzacwaeucz2x98jh$_run_closure1Customizer> (0x00000000e10566c0) thrown at [C:\re\workspace\8-2-build-windows-amd64-cygwin\jdk8u212\12974\hotspot\src\share\vm\classfile\systemDictionary.cpp, li
Event: 27.394 Thread 0x000000005a766000 Exception <a 'java/lang/ClassNotFoundException': org/gradle/api/internal/file/collections/DefaultConfigurableFileTreeBeanInfo> (0x00000000e11e8b18) thrown at [C:\re\workspace\8-2-build-windows-amd64-cygwin\jdk8u212\12974\hotspot\src\share\vm\classfile\sys
Event: 27.395 Thread 0x000000005a766000 Exception <a 'java/lang/ClassNotFoundException': org/gradle/api/internal/file/CompositeFileTreeBeanInfo> (0x00000000e1220ce0) thrown at [C:\re\workspace\8-2-build-windows-amd64-cygwin\jdk8u212\12974\hotspot\src\share\vm\classfile\systemDictionary.cpp, lin

Events (10 events):
Event: 27.394 loading class org/gradle/api/internal/file/CompositeFileTreeBeanInfo
Event: 27.394 loading class org/gradle/api/internal/file/CompositeFileTreeBeanInfo done
Event: 27.395 loading class org/gradle/api/internal/file/CompositeFileTreeBeanInfo
Event: 27.395 loading class org/gradle/api/internal/file/CompositeFileTreeBeanInfo done
Event: 27.395 loading class org/gradle/api/internal/file/CompositeFileTreeBeanInfo
Event: 27.395 loading class org/gradle/api/internal/file/CompositeFileTreeBeanInfo done
Event: 27.395 loading class org/gradle/api/internal/file/CompositeFileTreeBeanInfo
Event: 27.395 loading class org/gradle/api/internal/file/CompositeFileTreeBeanInfo done
Event: 27.395 loading class org/gradle/api/internal/file/CompositeFileCollectionBeanInfo
Event: 27.395 loading class org/gradle/api/internal/file/CompositeFileCollectionBeanInfo done


Dynamic libraries:
0x000000013f580000 - 0x000000013f5b7000 	C:\Program Files\Java\jdk1.8.0_212\bin\java.exe
0x00000000772c0000 - 0x000000007745f000 	C:\Windows\SYSTEM32\ntdll.dll
0x00000000771a0000 - 0x00000000772bf000 	C:\Windows\system32\kernel32.dll
0x000007fefd160000 - 0x000007fefd1ca000 	C:\Windows\system32\KERNELBASE.dll
0x000007feff090000 - 0x000007feff16b000 	C:\Windows\system32\ADVAPI32.dll
0x000007fefe410000 - 0x000007fefe4af000 	C:\Windows\system32\msvcrt.dll
0x000007fefe7f0000 - 0x000007fefe80f000 	C:\Windows\SYSTEM32\sechost.dll
0x000007feff470000 - 0x000007feff59c000 	C:\Windows\system32\RPCRT4.dll
0x00000000770a0000 - 0x000000007719a000 	C:\Windows\system32\USER32.dll
0x000007fefea70000 - 0x000007fefead7000 	C:\Windows\system32\GDI32.dll
0x000007feff080000 - 0x000007feff08e000 	C:\Windows\system32\LPK.dll
0x000007fefe970000 - 0x000007fefea3b000 	C:\Windows\system32\USP10.dll
0x000007fef9dd0000 - 0x000007fef9fc4000 	C:\Windows\WinSxS\amd64_microsoft.windows.common-controls_6595b64144ccf1df_6.0.7601.18837_none_fa3b1e3d17594757\COMCTL32.dll
0x000007feff190000 - 0x000007feff201000 	C:\Windows\system32\SHLWAPI.dll
0x000007fefea40000 - 0x000007fefea6e000 	C:\Windows\system32\IMM32.DLL
0x000007fefe810000 - 0x000007fefe919000 	C:\Windows\system32\MSCTF.dll
0x0000000079450000 - 0x0000000079522000 	C:\Program Files\Java\jdk1.8.0_212\jre\bin\msvcr100.dll
0x00000000071c0000 - 0x0000000007a65000 	C:\Program Files\Java\jdk1.8.0_212\jre\bin\server\jvm.dll
0x000007feecec0000 - 0x000007feecec9000 	C:\Windows\system32\WSOCK32.dll
0x000007fefe920000 - 0x000007fefe96d000 	C:\Windows\system32\WS2_32.dll
0x000007feff5a0000 - 0x000007feff5a8000 	C:\Windows\system32\NSI.dll
0x000007fef45c0000 - 0x000007fef45fb000 	C:\Windows\system32\WINMM.dll
0x000007fefbb00000 - 0x000007fefbb0c000 	C:\Windows\system32\VERSION.dll
0x0000000077460000 - 0x0000000077467000 	C:\Windows\system32\PSAPI.DLL
0x000007fef7450000 - 0x000007fef745f000 	C:\Program Files\Java\jdk1.8.0_212\jre\bin\verify.dll
0x000007fef67c0000 - 0x000007fef67e9000 	C:\Program Files\Java\jdk1.8.0_212\jre\bin\java.dll
0x000007fef6bd0000 - 0x000007fef6be6000 	C:\Program Files\Java\jdk1.8.0_212\jre\bin\zip.dll
0x000007fefd680000 - 0x000007fefe40b000 	C:\Windows\system32\SHELL32.dll
0x000007fefe4b0000 - 0x000007fefe6ad000 	C:\Windows\system32\ole32.dll
0x000007fefcf90000 - 0x000007fefcf9f000 	C:\Windows\system32\profapi.dll
0x000007fef6bb0000 - 0x000007fef6bca000 	C:\Program Files\Java\jdk1.8.0_212\jre\bin\net.dll
0x000007fefec20000 - 0x000007fefeda5000 	C:\Windows\system32\urlmon.dll
0x000007fefd130000 - 0x000007fefd134000 	C:\Windows\system32\api-ms-win-downlevel-ole32-l1-1-0.dll
0x000007fefd1d0000 - 0x000007fefd1d4000 	C:\Windows\system32\api-ms-win-downlevel-shlwapi-l1-1-0.dll
0x000007fefd0c0000 - 0x000007fefd0c5000 	C:\Windows\system32\api-ms-win-downlevel-advapi32-l1-1-0.dll
0x000007fefd0d0000 - 0x000007fefd0d4000 	C:\Windows\system32\api-ms-win-downlevel-user32-l1-1-0.dll
0x000007fefd0e0000 - 0x000007fefd0e4000 	C:\Windows\system32\api-ms-win-downlevel-version-l1-1-0.dll
0x000007fefcfb0000 - 0x000007fefcfb3000 	C:\Windows\system32\api-ms-win-downlevel-normaliz-l1-1-0.dll
0x0000000077470000 - 0x0000000077473000 	C:\Windows\system32\normaliz.DLL
0x000007fefedb0000 - 0x000007feff07a000 	C:\Windows\system32\iertutil.dll
0x000007fefd350000 - 0x000007fefd671000 	C:\Windows\system32\WININET.dll
0x000007fefd140000 - 0x000007fefd15e000 	C:\Windows\system32\USERENV.dll
0x000007fefc6a0000 - 0x000007fefc6f5000 	C:\Windows\system32\mswsock.dll
0x000007fefca00000 - 0x000007fefca07000 	C:\Windows\System32\wship6.dll
0x000007fef67a0000 - 0x000007fef67b2000 	C:\Program Files\Java\jdk1.8.0_212\jre\bin\nio.dll
0x000007fef6c80000 - 0x000007fef6ca6000 	C:\Users\optiplex9020\.gradle\native\30\windows-amd64\native-platform.dll
0x000007feea540000 - 0x000007feea543000 	C:\Windows\system32\api-ms-win-core-synch-l1-2-0.DLL
0x000007fef7600000 - 0x000007fef760d000 	C:\Program Files\Java\jdk1.8.0_212\jre\bin\management.dll
0x000007fefc950000 - 0x000007fefc968000 	C:\Windows\system32\CRYPTSP.dll
0x000007fefc440000 - 0x000007fefc487000 	C:\Windows\system32\rsaenh.dll
0x000007fefcdf0000 - 0x000007fefcdff000 	C:\Windows\system32\CRYPTBASE.dll
0x000007fef9da0000 - 0x000007fef9dc7000 	C:\Windows\system32\IPHLPAPI.DLL
0x000007fef9d90000 - 0x000007fef9d9b000 	C:\Windows\system32\WINNSI.DLL
0x000007feecbf0000 - 0x000007feecc01000 	C:\Windows\system32\dhcpcsvc6.DLL
0x000007feecb70000 - 0x000007feecb88000 	C:\Windows\system32\dhcpcsvc.DLL

VM Arguments:
jvm_args: -Xmx1536m -Dfile.encoding=UTF-8 -Duser.country=CN -Duser.language=zh -Duser.variant 
java_command: org.gradle.launcher.daemon.bootstrap.GradleDaemon 5.6.4
java_class_path (initial): C:\Users\optiplex9020\.gradle\wrapper\dists\gradle-5.6.4-all\ankdp27end7byghfw1q2sw75f\gradle-5.6.4\lib\gradle-launcher-5.6.4.jar
Launcher Type: SUN_STANDARD

Environment Variables:
JAVA_HOME=C:\Program Files\Java\jdk1.8.0_212
PATH=C:\Program Files\VanDyke Software\SecureCRT\;C:\Program Files (x86)\Intel\iCLS Client\;C:\Program Files\Intel\iCLS Client\;C:\Program Files (x86)\Common Files\Oracle\Java\javapath;C:\ProgramData\Oracle\Java\javapath;C:\Program Files\Java\jdk1.8.0_152\bin;C:\Program Files\Java\jdk1.8.0_152\jre\bin;C:\Program Files (x86)\NVIDIA Corporation\PhysX\Common;C:\Windows\system32;C:\Windows;C:\Windows\System32\Wbem;C:\Windows\System32\WindowsPowerShell\v1.0\;C:\MinGW\bin;C:\Program Files\TortoiseSVN\bin;C:\Program Files (x86)\GnuWin32\bin;C:\Program Files (x86)\CMake\bin;C:\OpenSSL-Win64\bin;C:\Program Files (x86)\GtkSharp\2.12\bin;C:\Program Files\IDM Computer Solutions\UltraEdit;C:\Program Files (x86)\Windows Kits\8.1\Windows Performance Toolkit\;C:\Program Files\Microsoft SQL Server\120\Tools\Binn\;C:\Program Files\Microsoft SQL Server\130\Tools\Binn\;C:\Program Files (x86)\Intel\UCRT\;C:\Program Files\Intel\UCR;C:\Program Files\IDM Computer Solutions\UEStudio;C:\Program Files\IDM Computer Solutions\UltraCompare;C:\Program Files\Microsoft\Web Platform Installer\;C:\Program Files\dotnet\;C:\Program Files (x86)\Microsoft SQL Server\110\DTS\Binn\;C:\Program Files (x86)\Microsoft SQL Server\120\DTS\Binn\;C:\Program Files (x86)\Microsoft SQL Server\130\DTS\Binn\;C:\Program Files (x86)\Microsoft SQL Server\140\DTS\Binn\;C:\Program Files\Microsoft VS Code\bin;C:\ffmpeg-4.1.3-win32-static\bin;C:\Program Files\nodejs\;C:\Program Files\Java\apache-maven-3.6.1\bin;C:\Program Files\Git\cmd;C:\Program Files\TortoiseGit\bin;C:\Users\optiplex9020\AppData\Local\Programs\Python\Python37-32\Scripts\;C:\Users\optiplex9020\AppData\Local\Programs\Python\Python37-32\;C:\Program Files (x86)\Nmap;C:\Program Files\JetBrains\PyCharm Community Edition 2019.1.3\bin;;C:\Users\optiplex9020\AppData\Roaming\npm;C:\Program Files\JetBrains\PhpStorm 2019.1\bin;
USERNAME=optiplex9020
OS=Windows_NT
PROCESSOR_IDENTIFIER=Intel64 Family 6 Model 60 Stepping 3, GenuineIntel



---------------  S Y S T E M  ---------------

OS: Windows 7 , 64 bit Build 7601 (6.1.7601.24384)

CPU:total 8 (initial active 8) (4 cores per cpu, 2 threads per core) family 6 model 60 stepping 3, cmov, cx8, fxsr, mmx, sse, sse2, sse3, ssse3, sse4.1, sse4.2, popcnt, avx, avx2, aes, clmul, erms, lzcnt, ht, tsc, tscinvbit, bmi1, bmi2

Memory: 4k page, physical 10391692k(990128k free), swap 10389788k(4692k free)

vm_info: Java HotSpot(TM) 64-Bit Server VM (25.212-b10) for windows-amd64 JRE (1.8.0_212-b10), built on Apr  1 2019 22:50:23 by "java_re" with MS VC++ 10.0 (VS2010)

time: Tue Apr 07 16:25:43 2020
timezone: 中国标准时间
elapsed time: 27 seconds (0d 0h 0m 27s)

